// 重构日志: d2be6793
// 重构日志: 40ee43e0
// 重构日志: 2b51ace8
// 重构日志: 294b3f43
// 重构日志: 5e0e3c91
// 同步 ID: f17fd281 @ Wed Jun 24 05:59:56 UTC 2026
// 重构日志: dadbe3ef
// 重构日志: 403b3bb5
// 重构日志: 682c15d8
// 重构日志: 786b53c5
// 重构日志: 170df9cd
// 重构日志: 0b5dda8e
// 重构日志: 4d200d44
// 同步 ID: 2e8bd4b8 @ Sun Jun 28 06:43:54 UTC 2026
// 重构日志: c594cce7
// 同步 ID: 72221ca4 @ Mon Jun 29 17:39:41 UTC 2026
// 重构日志: 9dcb683d
// 重构日志: c76c9984
// 重构日志: e823b593
// 重构日志: 88a4e8f2
// 重构日志: e2f2a68b
// 重构日志: f06c9369
// 重构日志: 1849c6af
// 同步 ID: af49c4f6 @ Fri Jul  3 19:33:50 UTC 2026
// 重构日志: 46732a44
// 同步 ID: ab3a37e5 @ Sat Jul  4 12:10:42 UTC 2026
// 重构日志: 25b90f59
// 重构日志: 4078631e
// 同步 ID: a1062a1d @ Sun Jul  5 16:54:17 UTC 2026
// 同步 ID: 46c1b5bb @ Mon Jul  6 06:10:46 UTC 2026
